info: 29.08.2022 11:10:51 	IP:::1    username:undefined   method:GET   API:/api/users   func:getUsers
info: 29.08.2022 11:21:55 	IP:::1    username:undefined   method:DELETE   API:/api/users/delete/:id   func:deleteUser
info: 29.08.2022 11:30:30 	IP:::1    username:undefined   method:PATCH   API:/api/users/update/:id   func:function(req, res, method, path) {
  const username = res.locals.username;
  const ip = req.headers['x-forwarded-for'] || req.connection.remoteAddress || "unknown IP" ;
  logger.info(`IP:${ip}    username:${username}   method:${method}   API:${path}   func:${arguments.callee.toString()}`);
}
info: 29.08.2022 11:34:08 	IP:::1    username:undefined   method:PATCH   API:/api/users/update/:id   func:function writeLog(req, res, method, path) {
  const username = res.locals.username;
  const ip = req.headers['x-forwarded-for'] || req.connection.remoteAddress || "unknown IP" ;
  logger.info(`IP:${ip}    username:${username}   method:${method}   API:${path}   func:${arguments.callee.toString()}`);
}
info: 29.08.2022 11:38:55 	IP:::1    username:undefined   method:PATCH   API:/api/users/update/:id   func:function writeLog,writeLog
info: 29.08.2022 12:52:55 	IP:::1    username:undefined   method:GET   API:/api/users   func:function writeLog,writeLog
info: 29.08.2022 13:38:02 	IP:::1    username:undefined   method:GET   API:/api/users   func:writeLog
info: 29.08.2022 14:58:29 	IP:::1    username:undefined   method:GET   API:/api/users   func:getUsers
info: 29.08.2022 15:02:30 	IP:::1    username:Sherzod   method:GET   API:/api/users   func:getUsers
info: 29.08.2022 15:13:01 	IP:::1    username:Sherzod   method:GET   API:/api/users   func:getUsers
info: 29.08.2022 15:14:26 	IP:::1    username:Sherzod   method:GET   API:/api/users   func:getUsers
info: 29.08.2022 15:32:23 	IP:::1    username:Sherzod   method:GET   API:/api/users   func:getUsers
info: 29.08.2022 16:54:31 	IP:::1    username:undefined   method:POST   API:/api/signin   func:signin
info: 29.08.2022 16:54:51 	IP:::1    username:Sherzod   method:GET   API:/api/users/add   func:addUser
info: 29.08.2022 16:56:21 	IP:::1    username:Sherzod   method:GET   API:/api/users/add   func:addUser
info: 29.08.2022 16:57:02 	IP:::1    username:Sherzod   method:GET   API:/api/users   func:getUsers
info: 29.08.2022 17:07:30 	IP:::1    username:Sherzod   method:GET   API:/api/users   func:getUsers
info: 29.08.2022 17:08:24 	IP:::1    username:Sherzod   method:GET   API:/api/users   func:getUsers
info: 29.08.2022 17:21:39 	IP:::1    username:Sherzod   method:GET   API:/api/users   func:getUsers
info: 29.08.2022 17:28:28 	IP:::1    username:undefined   method:POST   API:/api/signin   func:signin
info: 29.08.2022 17:28:42 	IP:::1    username:Sherzod   method:GET   API:/api/users   func:getUsers
info: 29.08.2022 19:16:47 	IP:::1    username:undefined   method:POST   API:/api/signin   func:signin
info: 29.08.2022 19:17:03 	IP:::1    username:Sherzod   method:GET   API:/api/users   func:getUsers
info: 29.08.2022 19:21:56 	IP:::1    username:Sherzod   method:GET   API:/api/users   func:getUsers
info: 29.08.2022 19:22:02 	IP:::1    username:undefined   method:POST   API:/api/signin   func:signin
info: 29.08.2022 19:22:06 	IP:::1    username:Sherzod   method:GET   API:/api/users   func:getUsers
info: 29.08.2022 19:29:34 	IP:::1    username:Sherzod   method:GET   API:/api/users   func:getUsers
